 0.44 ae
 1.72 au
 0.05 be
 0.59 bg
 0.05 br
 0.05 bt
 0.05 bw
 0.05 by
 0.59 ca
 0.15 ch
 0.15 co
53.49 com
 1.47 cz
 1.57 de
 0.44 dk
 3.74 edu
 0.05 ee
 0.29 es
 1.18 fi
 0.25 fr
 0.10 gh
 0.29 gr
 0.05 gt
 0.79 hk
 0.74 hr
 1.18 hu
 1.77 id
 0.20 ie
 1.38 il
 0.29 in
 0.10 is
 0.54 it
 0.05 jo
 6.54 jp
 0.05 kz
 0.05 lt
 0.05 lu
 0.10 mil
 0.44 mu
 0.39 my
 4.28 net
 0.98 nl
 0.10 np
 0.84 nz
 0.10 org
 0.05 ph
 0.15 pk
 1.28 pl
 0.05 qa
 0.25 ro
 0.20 ru
 1.03 se
 0.49 sg
 0.10 sk
 0.05 sy
 0.20 th
 0.10 tv
 0.64 tw
 0.05 ua
 7.33 uk
 0.15 yu
 0.15 za
